<?xml version="1.0" encoding="UTF-8"?>
<testsuite name="com.moon.gradle.test.DemoTest" tests="1" skipped="0" failures="0" errors="0" timestamp="2022-06-22T14:36:10" hostname="MOONKIRA" time="0.173">
  <properties/>
  <testcase name="test()" classname="com.moon.gradle.test.DemoTest" time="0.173"/>
  <system-out><![CDATA[调用成功
]]></system-out>
  <system-err><![CDATA[]]></system-err>
</testsuite>
